  EBO.cpp
C:\Users\yanme\OneDrive\桌面\my_creations\games_i_made\circuit climbing\circuit climbing\EBO.h(4,10): fatal  error C1083: Cannot open include file: 'glad/glad.h': No such file or directory
  Main.cpp
C:\Users\yanme\OneDrive\桌面\my_creations\games_i_made\circuit climbing\circuit climbing\Main.cpp(1,10): fatal  error C1083: Cannot open include file: 'glad/glad.h': No such file or directory
  Object.cpp
C:\Users\yanme\OneDrive\桌面\my_creations\games_i_made\circuit climbing\circuit climbing\Shader.h(4,10): fatal  error C1083: Cannot open include file: 'glad/glad.h': No such file or directory
  Shader.cpp
C:\Users\yanme\OneDrive\桌面\my_creations\games_i_made\circuit climbing\circuit climbing\Shader.h(4,10): fatal  error C1083: Cannot open include file: 'glad/glad.h': No such file or directory
  stb.cpp
  Text.cpp
C:\Users\yanme\OneDrive\桌面\my_creations\games_i_made\circuit climbing\circuit climbing\Text.h(2,10): fatal  error C1083: Cannot open include file: 'glad/glad.h': No such file or directory
  Texture.cpp
C:\Users\yanme\OneDrive\桌面\my_creations\games_i_made\circuit climbing\circuit climbing\Texture.h(4,9): fatal  error C1083: Cannot open include file: 'glad/glad.h': No such file or directory
  UI.cpp
C:\Users\yanme\OneDrive\桌面\my_creations\games_i_made\circuit climbing\circuit climbing\EBO.h(4,10): fatal  error C1083: Cannot open include file: 'glad/glad.h': No such file or directory
  VAO.cpp
C:\Users\yanme\OneDrive\桌面\my_creations\games_i_made\circuit climbing\circuit climbing\VAO.h(4,10): fatal  error C1083: Cannot open include file: 'glad/glad.h': No such file or directory
  VBO.cpp
C:\Users\yanme\OneDrive\桌面\my_creations\games_i_made\circuit climbing\circuit climbing\VBO.h(4,10): fatal  error C1083: Cannot open include file: 'glad/glad.h': No such file or directory
  Generating Code...
